<?xml version="1.0" encoding="UTF-8"?>
<testng-results ignored="1" total="16" passed="13" failed="2" skipped="0">
  <reporter-output>
  </reporter-output>
  <suite started-at="2020-08-05T13:34:25 EDT" name="Suite" finished-at="2020-08-05T13:34:25 EDT" duration-ms="95">
    <groups>
      <group name="Smoke">
        <method signature="day2TestNg.ploan()[pri:0, instance:packages.Project.day2TestNg@6ab7a896]" name="ploan" class="packages.Project.day2TestNg"/>
        <method signature="day4TestNg.MobileLoginHomeLoan()[pri:0, instance:packages.Project.day4TestNg@327b636c]" name="MobileLoginHomeLoan" class="packages.Project.day4TestNg"/>
      </group> <!-- Smoke -->
    </groups>
    <test started-at="2020-08-05T13:34:25 EDT" name="Test" finished-at="2020-08-05T13:34:25 EDT" duration-ms="95">
      <class name="packages.Project.day4TestNg">
        <test-method signature="LoginAPIHomeLoan()[pri:0, instance:packages.Project.day4TestNg@327b636c]" started-at="2020-08-05T13:34:25 EDT" name="LoginAPIHomeLoan" finished-at="2020-08-05T13:34:25 EDT" duration-ms="1" status="PASS">
          <reporter-output>
          </reporter-output>
        </test-method> <!-- LoginAPIHomeLoan -->
        <test-method signature="MobileLoginHomeLoan()[pri:0, instance:packages.Project.day4TestNg@327b636c]" started-at="2020-08-05T13:34:25 EDT" name="MobileLoginHomeLoan" finished-at="2020-08-05T13:34:25 EDT" duration-ms="1" status="PASS">
          <reporter-output>
          </reporter-output>
        </test-method> <!-- MobileLoginHomeLoan -->
        <test-method signature="WebloginHome(java.lang.String)[pri:0, instance:packages.Project.day4TestNg@327b636c]" started-at="2020-08-05T13:34:25 EDT" name="WebloginHome" finished-at="2020-08-05T13:34:25 EDT" duration-ms="0" status="FAIL">
          <exception class="org.testng.TestNGException">
            <message>
              <![CDATA[
Parameter 'URL' is required by @Test on method WebloginHome but has not been marked @Optional or defined
in /Users/almaz/eclips-2020/Project/testng4.xml]]>
            </message>
            <full-stacktrace>
              <![CDATA[org.testng.TestNGException: 
Parameter 'URL' is required by @Test on method WebloginHome but has not been marked @Optional or defined
in /Users/almaz/eclips-2020/Project/testng4.xml
at org.testng.internal.Parameters.createParams(Parameters.java:272)
at org.testng.internal.Parameters.createParametersForMethod(Parameters.java:360)
at org.testng.internal.Parameters.createParameters(Parameters.java:704)
at org.testng.internal.Parameters.handleParameters(Parameters.java:879)
at org.testng.internal.Parameters.handleParameters(Parameters.java:744)
at org.testng.internal.ParameterHandler.handleParameters(ParameterHandler.java:59)
at org.testng.internal.ParameterHandler.createParameters(ParameterHandler.java:38)
at org.testng.internal.TestInvoker$MethodInvocationAgent.invoke(TestInvoker.java:783)
at org.testng.internal.TestInvoker.invokeTestMethods(TestInvoker.java:146)
at org.testng.internal.TestMethodWorker.invokeTestMethods(TestMethodWorker.java:146)
at org.testng.internal.TestMethodWorker.run(TestMethodWorker.java:128)
at java.base/java.util.ArrayList.forEach(ArrayList.java:1507)
at org.testng.TestRunner.privateRun(TestRunner.java:766)
at org.testng.TestRunner.run(TestRunner.java:587)
at org.testng.SuiteRunner.runTest(SuiteRunner.java:384)
at org.testng.SuiteRunner.runSequentially(SuiteRunner.java:378)
at org.testng.SuiteRunner.privateRun(SuiteRunner.java:337)
at org.testng.SuiteRunner.run(SuiteRunner.java:286)
at org.testng.SuiteRunnerWorker.runSuite(SuiteRunnerWorker.java:53)
at org.testng.SuiteRunnerWorker.run(SuiteRunnerWorker.java:96)
at org.testng.TestNG.runSuitesSequentially(TestNG.java:1187)
at org.testng.TestNG.runSuitesLocally(TestNG.java:1109)
at org.testng.TestNG.runSuites(TestNG.java:1039)
at org.testng.TestNG.run(TestNG.java:1007)
at org.apache.maven.surefire.testng.TestNGExecutor.run(TestNGExecutor.java:284)
at org.apache.maven.surefire.testng.TestNGXmlTestSuite.execute(TestNGXmlTestSuite.java:75)
at org.apache.maven.surefire.testng.TestNGProvider.invoke(TestNGProvider.java:119)
at org.apache.maven.surefire.booter.ForkedBooter.runSuitesInProcess(ForkedBooter.java:428)
at org.apache.maven.surefire.booter.ForkedBooter.execute(ForkedBooter.java:162)
at org.apache.maven.surefire.booter.ForkedBooter.run(ForkedBooter.java:562)
at org.apache.maven.surefire.booter.ForkedBooter.main(ForkedBooter.java:548)
]]>
            </full-stacktrace>
          </exception> <!-- org.testng.TestNGException -->
          <reporter-output>
          </reporter-output>
        </test-method> <!-- WebloginHome -->
      </class> <!-- packages.Project.day4TestNg -->
      <class name="packages.Project.day2TestNg">
        <test-method is-config="true" signature="prerequiste()[pri:0, instance:packages.Project.day2TestNg@6ab7a896]" started-at="2020-08-05T13:34:25 EDT" name="prerequiste" finished-at="2020-08-05T13:34:25 EDT" duration-ms="0" status="PASS">
          <reporter-output>
          </reporter-output>
        </test-method> <!-- prerequiste -->
        <test-method signature="ploan()[pri:0, instance:packages.Project.day2TestNg@6ab7a896]" started-at="2020-08-05T13:34:25 EDT" name="ploan" finished-at="2020-08-05T13:34:25 EDT" duration-ms="0" status="PASS">
          <reporter-output>
          </reporter-output>
        </test-method> <!-- ploan -->
      </class> <!-- packages.Project.day2TestNg -->
      <class name="packages.Project.day3TestNg">
        <test-method is-config="true" signature="BfSuite()[pri:0, instance:packages.Project.day3TestNg@15761df8]" started-at="2020-08-05T13:34:25 EDT" name="BfSuite" finished-at="2020-08-05T13:34:25 EDT" duration-ms="9" status="PASS">
          <reporter-output>
          </reporter-output>
        </test-method> <!-- BfSuite -->
        <test-method is-config="true" signature="beforeMethod()[pri:0, instance:packages.Project.day3TestNg@15761df8]" started-at="2020-08-05T13:34:25 EDT" name="beforeMethod" finished-at="2020-08-05T13:34:25 EDT" duration-ms="1" status="PASS">
          <reporter-output>
          </reporter-output>
        </test-method> <!-- beforeMethod -->
        <test-method is-config="true" signature="beforeClass()[pri:0, instance:packages.Project.day3TestNg@15761df8]" started-at="2020-08-05T13:34:25 EDT" name="beforeClass" finished-at="2020-08-05T13:34:25 EDT" duration-ms="0" status="PASS">
          <reporter-output>
          </reporter-output>
        </test-method> <!-- beforeClass -->
        <test-method signature="MobileLoginCarLoan()[pri:0, instance:packages.Project.day3TestNg@15761df8]" started-at="2020-08-05T13:34:25 EDT" name="MobileLoginCarLoan" finished-at="2020-08-05T13:34:25 EDT" duration-ms="0" status="PASS">
          <reporter-output>
          </reporter-output>
        </test-method> <!-- MobileLoginCarLoan -->
        <test-method is-config="true" signature="afterMethod()[pri:0, instance:packages.Project.day3TestNg@15761df8]" started-at="2020-08-05T13:34:25 EDT" name="afterMethod" finished-at="2020-08-05T13:34:25 EDT" duration-ms="0" status="PASS">
          <reporter-output>
          </reporter-output>
        </test-method> <!-- afterMethod -->
        <test-method is-config="true" signature="beforeMethod()[pri:0, instance:packages.Project.day3TestNg@15761df8]" started-at="2020-08-05T13:34:25 EDT" name="beforeMethod" finished-at="2020-08-05T13:34:25 EDT" duration-ms="1" status="PASS">
          <reporter-output>
          </reporter-output>
        </test-method> <!-- beforeMethod -->
        <test-method signature="WebloginCarLoan()[pri:0, instance:packages.Project.day3TestNg@15761df8]" started-at="2020-08-05T13:34:25 EDT" name="WebloginCarLoan" finished-at="2020-08-05T13:34:25 EDT" duration-ms="0" status="PASS">
          <reporter-output>
          </reporter-output>
        </test-method> <!-- WebloginCarLoan -->
        <test-method is-config="true" signature="afterMethod()[pri:0, instance:packages.Project.day3TestNg@15761df8]" started-at="2020-08-05T13:34:25 EDT" name="afterMethod" finished-at="2020-08-05T13:34:25 EDT" duration-ms="0" status="PASS">
          <reporter-output>
          </reporter-output>
        </test-method> <!-- afterMethod -->
        <test-method signature="urlProvider(java.lang.String, java.lang.String)[pri:0, instance:packages.Project.day3TestNg@15761df8]" started-at="2020-08-05T13:34:25 EDT" name="urlProvider" finished-at="2020-08-05T13:34:25 EDT" duration-ms="0" status="FAIL">
          <exception class="org.testng.TestNGException">
            <message>
              <![CDATA[
Parameter 'URL' is required by @Test on method urlProvider but has not been marked @Optional or defined
in /Users/almaz/eclips-2020/Project/testng4.xml]]>
            </message>
            <full-stacktrace>
              <![CDATA[org.testng.TestNGException: 
Parameter 'URL' is required by @Test on method urlProvider but has not been marked @Optional or defined
in /Users/almaz/eclips-2020/Project/testng4.xml
at org.testng.internal.Parameters.createParams(Parameters.java:272)
at org.testng.internal.Parameters.createParametersForMethod(Parameters.java:360)
at org.testng.internal.Parameters.createParameters(Parameters.java:704)
at org.testng.internal.Parameters.handleParameters(Parameters.java:879)
at org.testng.internal.Parameters.handleParameters(Parameters.java:744)
at org.testng.internal.ParameterHandler.handleParameters(ParameterHandler.java:59)
at org.testng.internal.ParameterHandler.createParameters(ParameterHandler.java:38)
at org.testng.internal.TestInvoker$MethodInvocationAgent.invoke(TestInvoker.java:783)
at org.testng.internal.TestInvoker.invokeTestMethods(TestInvoker.java:146)
at org.testng.internal.TestMethodWorker.invokeTestMethods(TestMethodWorker.java:146)
at org.testng.internal.TestMethodWorker.run(TestMethodWorker.java:128)
at java.base/java.util.ArrayList.forEach(ArrayList.java:1507)
at org.testng.TestRunner.privateRun(TestRunner.java:766)
at org.testng.TestRunner.run(TestRunner.java:587)
at org.testng.SuiteRunner.runTest(SuiteRunner.java:384)
at org.testng.SuiteRunner.runSequentially(SuiteRunner.java:378)
at org.testng.SuiteRunner.privateRun(SuiteRunner.java:337)
at org.testng.SuiteRunner.run(SuiteRunner.java:286)
at org.testng.SuiteRunnerWorker.runSuite(SuiteRunnerWorker.java:53)
at org.testng.SuiteRunnerWorker.run(SuiteRunnerWorker.java:96)
at org.testng.TestNG.runSuitesSequentially(TestNG.java:1187)
at org.testng.TestNG.runSuitesLocally(TestNG.java:1109)
at org.testng.TestNG.runSuites(TestNG.java:1039)
at org.testng.TestNG.run(TestNG.java:1007)
at org.apache.maven.surefire.testng.TestNGExecutor.run(TestNGExecutor.java:284)
at org.apache.maven.surefire.testng.TestNGXmlTestSuite.execute(TestNGXmlTestSuite.java:75)
at org.apache.maven.surefire.testng.TestNGProvider.invoke(TestNGProvider.java:119)
at org.apache.maven.surefire.booter.ForkedBooter.runSuitesInProcess(ForkedBooter.java:428)
at org.apache.maven.surefire.booter.ForkedBooter.execute(ForkedBooter.java:162)
at org.apache.maven.surefire.booter.ForkedBooter.run(ForkedBooter.java:562)
at org.apache.maven.surefire.booter.ForkedBooter.main(ForkedBooter.java:548)
]]>
            </full-stacktrace>
          </exception> <!-- org.testng.TestNGException -->
          <reporter-output>
          </reporter-output>
        </test-method> <!-- urlProvider -->
        <test-method is-config="true" signature="beforeMethod()[pri:0, instance:packages.Project.day3TestNg@15761df8]" started-at="2020-08-05T13:34:25 EDT" name="beforeMethod" finished-at="2020-08-05T13:34:25 EDT" duration-ms="0" status="PASS">
          <reporter-output>
          </reporter-output>
        </test-method> <!-- beforeMethod -->
        <test-method signature="MobileLoginHome()[pri:0, instance:packages.Project.day3TestNg@15761df8]" started-at="2020-08-05T13:34:25 EDT" name="MobileLoginHome" finished-at="2020-08-05T13:34:25 EDT" duration-ms="1" status="PASS">
          <reporter-output>
          </reporter-output>
        </test-method> <!-- MobileLoginHome -->
        <test-method is-config="true" signature="afterMethod()[pri:0, instance:packages.Project.day3TestNg@15761df8]" started-at="2020-08-05T13:34:25 EDT" name="afterMethod" finished-at="2020-08-05T13:34:25 EDT" duration-ms="0" status="PASS">
          <reporter-output>
          </reporter-output>
        </test-method> <!-- afterMethod -->
        <test-method is-config="true" signature="beforeMethod()[pri:0, instance:packages.Project.day3TestNg@15761df8]" started-at="2020-08-05T13:34:25 EDT" name="beforeMethod" finished-at="2020-08-05T13:34:25 EDT" duration-ms="0" status="PASS">
          <reporter-output>
          </reporter-output>
        </test-method> <!-- beforeMethod -->
        <test-method signature="MobileSignOutCarLoan(java.lang.String, java.lang.String)[pri:0, instance:packages.Project.day3TestNg@15761df8]" started-at="2020-08-05T13:34:25 EDT" name="MobileSignOutCarLoan" data-provider="getData" finished-at="2020-08-05T13:34:25 EDT" duration-ms="1" status="PASS">
          <params>
            <param index="0">
              <value>
                <![CDATA[FirstSetUserName]]>
              </value>
            </param>
            <param index="1">
              <value>
                <![CDATA[password]]>
              </value>
            </param>
          </params>
          <reporter-output>
          </reporter-output>
        </test-method> <!-- MobileSignOutCarLoan -->
        <test-method is-config="true" signature="afterMethod()[pri:0, instance:packages.Project.day3TestNg@15761df8]" started-at="2020-08-05T13:34:25 EDT" name="afterMethod" finished-at="2020-08-05T13:34:25 EDT" duration-ms="1" status="PASS">
          <reporter-output>
          </reporter-output>
        </test-method> <!-- afterMethod -->
        <test-method is-config="true" signature="beforeMethod()[pri:0, instance:packages.Project.day3TestNg@15761df8]" started-at="2020-08-05T13:34:25 EDT" name="beforeMethod" finished-at="2020-08-05T13:34:25 EDT" duration-ms="1" status="PASS">
          <reporter-output>
          </reporter-output>
        </test-method> <!-- beforeMethod -->
        <test-method signature="MobileSignOutCarLoan(java.lang.String, java.lang.String)[pri:0, instance:packages.Project.day3TestNg@15761df8]" started-at="2020-08-05T13:34:25 EDT" name="MobileSignOutCarLoan" data-provider="getData" finished-at="2020-08-05T13:34:25 EDT" duration-ms="3" status="PASS">
          <params>
            <param index="0">
              <value>
                <![CDATA[SecondSetUserName]]>
              </value>
            </param>
            <param index="1">
              <value>
                <![CDATA[secondPassword]]>
              </value>
            </param>
          </params>
          <reporter-output>
          </reporter-output>
        </test-method> <!-- MobileSignOutCarLoan -->
        <test-method is-config="true" signature="afterMethod()[pri:0, instance:packages.Project.day3TestNg@15761df8]" started-at="2020-08-05T13:34:25 EDT" name="afterMethod" finished-at="2020-08-05T13:34:25 EDT" duration-ms="1" status="PASS">
          <reporter-output>
          </reporter-output>
        </test-method> <!-- afterMethod -->
        <test-method is-config="true" signature="beforeMethod()[pri:0, instance:packages.Project.day3TestNg@15761df8]" started-at="2020-08-05T13:34:25 EDT" name="beforeMethod" finished-at="2020-08-05T13:34:25 EDT" duration-ms="1" status="PASS">
          <reporter-output>
          </reporter-output>
        </test-method> <!-- beforeMethod -->
        <test-method signature="MobileSignOutCarLoan(java.lang.String, java.lang.String)[pri:0, instance:packages.Project.day3TestNg@15761df8]" started-at="2020-08-05T13:34:25 EDT" name="MobileSignOutCarLoan" data-provider="getData" finished-at="2020-08-05T13:34:25 EDT" duration-ms="0" status="PASS">
          <params>
            <param index="0">
              <value>
                <![CDATA[thirdPassword]]>
              </value>
            </param>
            <param index="1">
              <value is-null="true"/>
            </param>
          </params>
          <reporter-output>
          </reporter-output>
        </test-method> <!-- MobileSignOutCarLoan -->
        <test-method is-config="true" signature="afterMethod()[pri:0, instance:packages.Project.day3TestNg@15761df8]" started-at="2020-08-05T13:34:25 EDT" name="afterMethod" finished-at="2020-08-05T13:34:25 EDT" duration-ms="1" status="PASS">
          <reporter-output>
          </reporter-output>
        </test-method> <!-- afterMethod -->
        <test-method is-config="true" signature="beforeMethod()[pri:0, instance:packages.Project.day3TestNg@15761df8]" started-at="2020-08-05T13:34:25 EDT" name="beforeMethod" finished-at="2020-08-05T13:34:25 EDT" duration-ms="1" status="PASS">
          <reporter-output>
          </reporter-output>
        </test-method> <!-- beforeMethod -->
        <test-method signature="timeExplicit()[pri:0, instance:packages.Project.day3TestNg@15761df8]" started-at="2020-08-05T13:34:25 EDT" name="timeExplicit" finished-at="2020-08-05T13:34:25 EDT" duration-ms="8" status="PASS">
          <reporter-output>
          </reporter-output>
        </test-method> <!-- timeExplicit -->
        <test-method is-config="true" signature="afterMethod()[pri:0, instance:packages.Project.day3TestNg@15761df8]" started-at="2020-08-05T13:34:25 EDT" name="afterMethod" finished-at="2020-08-05T13:34:25 EDT" duration-ms="2" status="PASS">
          <reporter-output>
          </reporter-output>
        </test-method> <!-- afterMethod -->
        <test-method signature="LoginAPIcarLoan()[pri:0, instance:packages.Project.day3TestNg@15761df8]" started-at="2020-08-05T13:34:25 EDT" name="LoginAPIcarLoan" finished-at="2020-08-05T13:34:25 EDT" depends-on-methods="packages.Project.day3TestNg.MobileLoginCarLoan, packages.Project.day3TestNg.WebloginCarLoan" duration-ms="0" status="PASS">
          <reporter-output>
          </reporter-output>
        </test-method> <!-- LoginAPIcarLoan -->
        <test-method is-config="true" signature="beforeMethod()[pri:0, instance:packages.Project.day3TestNg@15761df8]" started-at="2020-08-05T13:34:25 EDT" name="beforeMethod" finished-at="2020-08-05T13:34:25 EDT" duration-ms="0" status="PASS">
          <reporter-output>
          </reporter-output>
        </test-method> <!-- beforeMethod -->
        <test-method is-config="true" signature="afterMethod()[pri:0, instance:packages.Project.day3TestNg@15761df8]" started-at="2020-08-05T13:34:25 EDT" name="afterMethod" finished-at="2020-08-05T13:34:25 EDT" duration-ms="1" status="PASS">
          <reporter-output>
          </reporter-output>
        </test-method> <!-- afterMethod -->
      </class> <!-- packages.Project.day3TestNg -->
      <class name="packages.Project.day1TestNg">
        <test-method signature="Demo()[pri:0, instance:packages.Project.day1TestNg@45dd4eda]" started-at="2020-08-05T13:34:25 EDT" name="Demo" finished-at="2020-08-05T13:34:25 EDT" duration-ms="2" status="PASS">
          <reporter-output>
          </reporter-output>
        </test-method> <!-- Demo -->
        <test-method signature="SecondTest()[pri:0, instance:packages.Project.day1TestNg@45dd4eda]" started-at="2020-08-05T13:34:25 EDT" name="SecondTest" finished-at="2020-08-05T13:34:25 EDT" duration-ms="0" status="PASS">
          <reporter-output>
          </reporter-output>
        </test-method> <!-- SecondTest -->
        <test-method is-config="true" signature="lastExecution()[pri:0, instance:packages.Project.day1TestNg@45dd4eda]" started-at="2020-08-05T13:34:25 EDT" name="lastExecution" finished-at="2020-08-05T13:34:25 EDT" duration-ms="1" status="PASS">
          <reporter-output>
          </reporter-output>
        </test-method> <!-- lastExecution -->
        <test-method is-config="true" signature="afSuite()[pri:0, instance:packages.Project.day1TestNg@45dd4eda]" started-at="2020-08-05T13:34:25 EDT" name="afSuite" finished-at="2020-08-05T13:34:25 EDT" duration-ms="0" status="PASS">
          <reporter-output>
          </reporter-output>
        </test-method> <!-- afSuite -->
      </class> <!-- packages.Project.day1TestNg -->
    </test> <!-- Test -->
  </suite> <!-- Suite -->
</testng-results>
