<?xml version="1.0" encoding="UTF-8"?>
<!-- Generated by org.testng.reporters.JUnitXMLReporter -->
<testsuite ignored="1" hostname="Almazs-MBP.fios-router.home" failures="2" tests="16" name="Personal Loan" time="0.076" errors="0" timestamp="2020-08-05T12:57:58 EDT">
  <testcase classname="packages.Project.day4TestNg" name="LoginAPIHomeLoan" time="0.002"/>
  <testcase classname="packages.Project.day4TestNg" name="MobileLoginHomeLoan" time="0.0"/>
  <testcase classname="packages.Project.day4TestNg" name="WebloginHome" time="0.0">
    <failure type="org.testng.TestNGException" message="
Parameter &amp;apos;URL&amp;apos; is required by @Test on method WebloginHome but has not been marked @Optional or defined
in /Users/almaz/eclips-2020/Project/testng2.xml">
      <![CDATA[org.testng.TestNGException: 
Parameter 'URL' is required by @Test on method WebloginHome but has not been marked @Optional or defined
in /Users/almaz/eclips-2020/Project/testng2.xml
at java.base/java.util.ArrayList.forEach(ArrayList.java:1507)
... Removed 30 stack frames]]>
    </failure>
  </testcase> <!-- WebloginHome -->
  <testcase classname="packages.Project.day3TestNg" name="MobileLoginCarLoan" time="0.001"/>
  <testcase classname="packages.Project.day3TestNg" name="WebloginCarLoan" time="0.0"/>
  <testcase classname="packages.Project.day3TestNg" name="urlProvider" time="0.0">
    <failure type="org.testng.TestNGException" message="
Parameter &amp;apos;URL&amp;apos; is required by @Test on method urlProvider but has not been marked @Optional or defined
in /Users/almaz/eclips-2020/Project/testng2.xml">
      <![CDATA[org.testng.TestNGException: 
Parameter 'URL' is required by @Test on method urlProvider but has not been marked @Optional or defined
in /Users/almaz/eclips-2020/Project/testng2.xml
at java.base/java.util.ArrayList.forEach(ArrayList.java:1507)
... Removed 30 stack frames]]>
    </failure>
  </testcase> <!-- urlProvider -->
  <testcase classname="packages.Project.day3TestNg" name="MobileLoginHome" time="0.0"/>
  <testcase classname="packages.Project.day3TestNg" name="MobileSignOutCarLoan" time="0.0"/>
  <testcase classname="packages.Project.day3TestNg" name="MobileSignOutCarLoan" time="0.001"/>
  <testcase classname="packages.Project.day3TestNg" name="MobileSignOutCarLoan" time="0.001"/>
  <testcase classname="packages.Project.day3TestNg" name="timeExplicit" time="0.009"/>
  <testcase classname="packages.Project.AppTest" name="testApp" time="0.002"/>
  <testcase classname="packages.Project.day3TestNg" name="LoginAPIcarLoan" time="0.0"/>
  <testcase classname="packages.Project.day1TestNg" name="Demo" time="0.003"/>
  <testcase classname="packages.Project.day1TestNg" name="SecondTest" time="0.0"/>
  <testcase classname="packages.Project.day2TestNg" name="ploan" time="0.0"/>
  <testcase classname="packages.Project.day3TestNg" name="falseMethod" time="0.0">
    <ignored/>
  </testcase> <!-- falseMethod -->
</testsuite> <!-- Personal Loan -->
