<?xml version="1.0" encoding="UTF-8"?>
<!-- Generated by org.testng.reporters.JUnitReportReporter -->
<testsuite hostname="Almazs-MBP.fios-router.home" failures="0" tests="10" name="packages.Project.day3TestNg" time="0.024" errors="1" timestamp="2020-08-05T13:34:25 EDT" skipped="1">
  <testcase classname="packages.Project.day3TestNg" name="MobileLoginHome" time="0.001"/>
  <system-out/>
  <testcase classname="packages.Project.day3TestNg" name="WebloginCarLoan" time="0.001"/>
  <system-out/>
  <testcase classname="packages.Project.day3TestNg" name="MobileSignOutCarLoan" time="0.005"/>
  <system-out/>
  <testcase classname="packages.Project.day3TestNg" name="MobileSignOutCarLoan" time="0.003"/>
  <system-out/>
  <testcase classname="packages.Project.day3TestNg" name="MobileSignOutCarLoan" time="0.000"/>
  <system-out/>
  <testcase classname="packages.Project.day3TestNg" name="urlProvider" time="0.002">
    <error message="
Parameter &#039;URL&#039; is required by @Test on method urlProvider but has not been marked @Optional or defined
in /Users/almaz/eclips-2020/Project/testng4.xml" type="org.testng.TestNGException">
      <![CDATA[org.testng.TestNGException: 
Parameter 'URL' is required by @Test on method urlProvider but has not been marked @Optional or defined
in /Users/almaz/eclips-2020/Project/testng4.xml
at org.testng.internal.Parameters.createParams(Parameters.java:272)
at org.testng.internal.Parameters.createParametersForMethod(Parameters.java:360)
at org.testng.internal.Parameters.createParameters(Parameters.java:704)
at org.testng.internal.Parameters.handleParameters(Parameters.java:879)
at org.testng.internal.Parameters.handleParameters(Parameters.java:744)
at org.testng.internal.ParameterHandler.handleParameters(ParameterHandler.java:59)
at org.testng.internal.ParameterHandler.createParameters(ParameterHandler.java:38)
at org.testng.internal.TestInvoker$MethodInvocationAgent.invoke(TestInvoker.java:783)
at org.testng.internal.TestInvoker.invokeTestMethods(TestInvoker.java:146)
at org.testng.internal.TestMethodWorker.invokeTestMethods(TestMethodWorker.java:146)
at org.testng.internal.TestMethodWorker.run(TestMethodWorker.java:128)
at java.base/java.util.ArrayList.forEach(ArrayList.java:1507)
at org.testng.TestRunner.privateRun(TestRunner.java:766)
at org.testng.TestRunner.run(TestRunner.java:587)
at org.testng.SuiteRunner.runTest(SuiteRunner.java:384)
at org.testng.SuiteRunner.runSequentially(SuiteRunner.java:378)
at org.testng.SuiteRunner.privateRun(SuiteRunner.java:337)
at org.testng.SuiteRunner.run(SuiteRunner.java:286)
at org.testng.SuiteRunnerWorker.runSuite(SuiteRunnerWorker.java:53)
at org.testng.SuiteRunnerWorker.run(SuiteRunnerWorker.java:96)
at org.testng.TestNG.runSuitesSequentially(TestNG.java:1187)
at org.testng.TestNG.runSuitesLocally(TestNG.java:1109)
at org.testng.TestNG.runSuites(TestNG.java:1039)
at org.testng.TestNG.run(TestNG.java:1007)
at org.apache.maven.surefire.testng.TestNGExecutor.run(TestNGExecutor.java:284)
at org.apache.maven.surefire.testng.TestNGXmlTestSuite.execute(TestNGXmlTestSuite.java:75)
at org.apache.maven.surefire.testng.TestNGProvider.invoke(TestNGProvider.java:119)
at org.apache.maven.surefire.booter.ForkedBooter.runSuitesInProcess(ForkedBooter.java:428)
at org.apache.maven.surefire.booter.ForkedBooter.execute(ForkedBooter.java:162)
at org.apache.maven.surefire.booter.ForkedBooter.run(ForkedBooter.java:562)
at org.apache.maven.surefire.booter.ForkedBooter.main(ForkedBooter.java:548)
]]>
    </error>
  </testcase> <!-- urlProvider -->
  <system-out/>
  <testcase classname="packages.Project.day3TestNg" name="MobileLoginCarLoan" time="0.003"/>
  <system-out/>
  <testcase classname="packages.Project.day3TestNg" name="LoginAPIcarLoan" time="0.001"/>
  <system-out/>
  <testcase classname="packages.Project.day3TestNg" name="timeExplicit" time="0.008"/>
  <system-out/>
  <testcase classname="packages.Project.day3TestNg" name="falseMethod">
    <skipped/>
  </testcase> <!-- falseMethod -->
  <system-out/>
</testsuite> <!-- packages.Project.day3TestNg -->
