<?xml version="1.0" encoding="UTF-8"?>
<!-- Generated by org.testng.reporters.JUnitXMLReporter -->
<testsuite ignored="1" hostname="Almazs-MBP.fios-router.home" failures="1" tests="14" name="Car Loan" time="0.093" errors="0" timestamp="2020-08-03T15:45:34 EDT">
  <testcase classname="packages.Project.day3TestNg" name="MobileLoginCarLoan" time="0.004"/>
  <testcase classname="packages.Project.day3TestNg" name="WebloginCarLoan" time="0.001"/>
  <testcase classname="packages.Project.day1TestNg" name="Demo" time="0.008">
    <failure type="java.lang.AssertionError" message="expected [true] but found [false]">
      <![CDATA[java.lang.AssertionError: expected [true] but found [false]
at packages.Project.day1TestNg.Demo(day1TestNg.java:22)
at java.base/java.util.ArrayList.forEach(ArrayList.java:1540)
at java.base/java.util.concurrent.FutureTask.run(FutureTask.java:264)
at java.base/java.util.concurrent.ThreadPoolExecutor.runWorker(ThreadPoolExecutor.java:1128)
at java.base/java.util.concurrent.ThreadPoolExecutor$Worker.run(ThreadPoolExecutor.java:628)
at java.base/java.lang.Thread.run(Thread.java:834)
... Removed 22 stack frames]]>
    </failure>
  </testcase> <!-- Demo -->
  <testcase classname="packages.Project.day2TestNg" name="ploan" time="0.003"/>
  <testcase classname="packages.Project.day3TestNg" name="urlProvider" time="0.001"/>
  <testcase classname="packages.Project.day3TestNg" name="MobileLoginHome" time="0.001"/>
  <testcase classname="packages.Project.day4TestNg" name="LoginAPIHomeLoan" time="0.002"/>
  <testcase classname="packages.Project.day3TestNg" name="MobileSignOutCarLoan" time="0.002"/>
  <testcase classname="packages.Project.day4TestNg" name="MobileLoginHomeLoan" time="0.005"/>
  <testcase classname="packages.Project.day3TestNg" name="MobileSignOutCarLoan" time="0.002"/>
  <testcase classname="packages.Project.day3TestNg" name="MobileSignOutCarLoan" time="0.001"/>
  <testcase classname="packages.Project.day4TestNg" name="WebloginHome" time="0.005"/>
  <testcase classname="packages.Project.day3TestNg" name="timeExplicit" time="0.004"/>
  <testcase classname="packages.Project.day3TestNg" name="LoginAPIcarLoan" time="0.002"/>
  <testcase classname="packages.Project.day3TestNg" name="falseMethod" time="0.0">
    <ignored/>
  </testcase> <!-- falseMethod -->
</testsuite> <!-- Car Loan -->
